<?xml version="1.0" encoding="UTF-8"?>
<!-- Generated by org.testng.reporters.JUnitXMLReporter -->
<testsuite ignored="0" hostname="linhvlnpc01785" failures="0" tests="3" name="Default test" time="2.329" errors="0" timestamp="2022-04-12T16:00:59 ICT">
  <testcase classname="com.test.NhanVien.TestXoaNhanVien" name="testXoaNhanVien" time="0.768"/>
  <testcase classname="com.test.NhanVien.TestXoaNhanVien" name="testXoaNhanVien" time="0.126"/>
  <testcase classname="com.test.NhanVien.TestXoaNhanVien" name="testXoaNhanVien" time="0.085"/>
</testsuite> <!-- Default test -->
