<?xml version="1.0" encoding="UTF-8"?>
<!-- Generated by org.testng.reporters.JUnitXMLReporter -->
<testsuite ignored="0" hostname="linhvlnpc01785" failures="0" tests="3" name="Default test" time="1.518" errors="0" timestamp="2022-04-12T14:01:21 ICT">
  <testcase classname="com.test.TaiKhoan.TestXoaTaiKhoan" name="testXoaTaiKhoan" time="0.537"/>
  <testcase classname="com.test.TaiKhoan.TestXoaTaiKhoan" name="testXoaTaiKhoan" time="0.033"/>
  <testcase classname="com.test.TaiKhoan.TestXoaTaiKhoan" name="testXoaTaiKhoan" time="0.038"/>
</testsuite> <!-- Default test -->
