<?xml version="1.0" encoding="UTF-8"?>
<!-- Generated by org.testng.reporters.JUnitXMLReporter -->
<testsuite ignored="0" hostname="locttpc01615" failures="0" tests="72" name="testSP" time="5.004" errors="0" timestamp="2022-04-12T18:27:23 ICT">
  <testcase classname="com.test.SanPham.testThemSP" name="TestInsert" time="0.452"/>
  <testcase classname="com.test.SanPham.testThemSP" name="TestInsert" time="0.036"/>
  <testcase classname="com.test.SanPham.testThemSP" name="TestInsert" time="0.038"/>
  <testcase classname="com.test.SanPham.testThemSP" name="TestInsert" time="0.044"/>
  <testcase classname="com.test.SanPham.testThemSP" name="TestInsert" time="0.153"/>
  <testcase classname="com.test.SanPham.testCapNhatSP" name="TestUpdateTenSP" time="0.107"/>
  <testcase classname="com.test.SanPham.testCapNhatSP" name="TestUpdateTenSP" time="0.128"/>
  <testcase classname="com.test.SanPham.testCapNhatSP" name="TestUpdateTenSP" time="0.143"/>
  <testcase classname="com.test.SanPham.testCapNhatSP" name="TestUpdateSoLuongSP" time="0.056"/>
  <testcase classname="com.test.SanPham.testCapNhatSP" name="TestUpdateSoLuongSP" time="0.197"/>
  <testcase classname="com.test.SanPham.testCapNhatSP" name="TestUpdateSoLuongSP" time="0.07"/>
  <testcase classname="com.test.SanPham.testCapNhatSP" name="TestUpdateGiaSP" time="0.156"/>
  <testcase classname="com.test.SanPham.testCapNhatSP" name="TestUpdateGiaSP" time="0.058"/>
  <testcase classname="com.test.SanPham.testCapNhatSP" name="TestUpdateGiaSP" time="0.189"/>
  <testcase classname="com.test.SanPham.testXoaSP" name="TestUpdateTenSP" time="0.201"/>
  <testcase classname="com.test.SanPham.testXoaSP" name="TestUpdateTenSP" time="0.052"/>
  <testcase classname="com.test.SanPham.testXoaSP" name="TestUpdateTenSP" time="0.122"/>
  <testcase classname="com.test.SanPham.testXoaSP" name="TestUpdateTenSP" time="0.082"/>
  <testcase classname="com.test.SanPham.testXoaSP" name="TestUpdateTenSP" time="0.073"/>
  <testcase classname="com.test.SanPham.testXoaSP" name="TestUpdateTenSP" time="0.023"/>
  <testcase classname="com.test.SanPham.testTimKiemSP" name="TestSelectAll" time="0.012"/>
  <testcase classname="com.test.SanPham.testTimKiemSP" name="TestTimKiem" time="0.012"/>
  <testcase classname="com.test.SanPham.testTimKiemSP" name="TestTimKiem" time="0.058"/>
  <testcase classname="com.test.SanPham.testTimKiemSP" name="TestTimKiem" time="0.06"/>
  <testcase classname="com.test.SanPham.testTimKiemSP" name="TestTimKiem" time="0.013"/>
  <testcase classname="com.test.SanPham.testTimKiemSP" name="TestTimKiem" time="0.013"/>
  <testcase classname="com.test.SanPham.testTimKiemSP" name="testSPDangKinhDoanh" time="0.012"/>
  <testcase classname="com.test.SanPham.testTimKiemSP" name="TestTimKiemSPKey" time="0.074"/>
  <testcase classname="com.test.SanPham.testTimKiemSP" name="TestTimKiemSPKey" time="0.05"/>
  <testcase classname="com.test.SanPham.testTimKiemSP" name="TestTimKiemSPKey" time="0.013"/>
  <testcase classname="com.test.SanPham.testTimKiemSP" name="TestTimKiemSPKey" time="0.012"/>
  <testcase classname="com.test.SanPham.testTimKiemSP" name="TestTimKiemSPKey" time="0.012"/>
  <testcase classname="com.test.SanPham.testTimKiemSP" name="TestTimKiemSPKey" time="0.013"/>
  <testcase classname="com.test.SanPham.testTimKiemSP" name="TestTimKiemSPKey" time="0.057"/>
  <testcase classname="com.test.SanPham.testTimKiemSP" name="TestTimKiemSPKey" time="0.059"/>
  <testcase classname="com.test.SanPham.testThemLoaiSP" name="TestInsert" time="0.023"/>
  <testcase classname="com.test.SanPham.testThemLoaiSP" name="TestInsert" time="0.075"/>
  <testcase classname="com.test.SanPham.testThemLoaiSP" name="TestInsert" time="0.072"/>
  <testcase classname="com.test.SanPham.testThemLoaiSP" name="TestInsert" time="0.023"/>
  <testcase classname="com.test.SanPham.testThemLoaiSP" name="TestInsert" time="0.062"/>
  <testcase classname="com.test.SanPham.testThemLoaiSP" name="TestInsert" time="0.082"/>
  <testcase classname="com.test.SanPham.testCapNhatLoaiSP" name="TestUpdate" time="0.024"/>
  <testcase classname="com.test.SanPham.testCapNhatLoaiSP" name="TestUpdate" time="0.07"/>
  <testcase classname="com.test.SanPham.testCapNhatLoaiSP" name="TestUpdate" time="0.069"/>
  <testcase classname="com.test.SanPham.testCapNhatLoaiSP" name="TestUpdate" time="0.023"/>
  <testcase classname="com.test.SanPham.testCapNhatLoaiSP" name="TestUpdate" time="0.084"/>
  <testcase classname="com.test.SanPham.testCapNhatLoaiSP" name="TestUpdate" time="0.068"/>
  <testcase classname="com.test.SanPham.testXoaLoaiSP" name="TestDelete" time="0.023"/>
  <testcase classname="com.test.SanPham.testXoaLoaiSP" name="TestDelete" time="0.023"/>
  <testcase classname="com.test.SanPham.testXoaLoaiSP" name="TestDelete" time="0.025"/>
  <testcase classname="com.test.SanPham.testXoaLoaiSP" name="TestDelete" time="0.024"/>
  <testcase classname="com.test.SanPham.testXoaLoaiSP" name="TestDelete" time="0.073"/>
  <testcase classname="com.test.SanPham.testXoaLoaiSP" name="TestDelete" time="0.023"/>
  <testcase classname="com.test.SanPham.testXoaLoaiSP" name="TestDelete" time="0.069"/>
  <testcase classname="com.test.SanPham.testTimKiemLoaiSP" name="TestFindById" time="0.012"/>
  <testcase classname="com.test.SanPham.testTimKiemLoaiSP" name="TestFindById" time="0.011"/>
  <testcase classname="com.test.SanPham.testTimKiemLoaiSP" name="TestFindById" time="0.013"/>
  <testcase classname="com.test.SanPham.testTimKiemLoaiSP" name="TestFindById" time="0.066"/>
  <testcase classname="com.test.SanPham.testTimKiemLoaiSP" name="TestFindById" time="0.054"/>
  <testcase classname="com.test.SanPham.testTimKiemLoaiSP" name="TestFindById" time="0.012"/>
  <testcase classname="com.test.SanPham.testTimKiemLoaiSP" name="TestFindByKeyword" time="0.012"/>
  <testcase classname="com.test.SanPham.testTimKiemLoaiSP" name="TestFindByKeyword" time="0.013"/>
  <testcase classname="com.test.SanPham.testTimKiemLoaiSP" name="TestFindByKeyword" time="0.014"/>
  <testcase classname="com.test.SanPham.testTimKiemLoaiSP" name="TestFindByKeyword" time="0.074"/>
  <testcase classname="com.test.SanPham.testTimKiemLoaiSP" name="TestFindByKeyword" time="0.074"/>
  <testcase classname="com.test.SanPham.testTimKiemLoaiSP" name="TestFindByKeyword" time="0.012"/>
  <testcase classname="com.test.SanPham.testTimKiemLoaiSP" name="TestSelectAll" time="0.01"/>
  <testcase classname="com.test.SanPham.testTimKiemLoaiSP" name="TestSelectByLoaiInSanPham" time="0.072"/>
  <testcase classname="com.test.SanPham.testTimKiemLoaiSP" name="TestSelectByLoaiInSanPham" time="0.063"/>
  <testcase classname="com.test.SanPham.testTimKiemLoaiSP" name="TestSelectByLoaiInSanPham" time="0.012"/>
  <testcase classname="com.test.SanPham.testTimKiemLoaiSP" name="TestSelectByLoaiInSanPham" time="0.012"/>
  <testcase classname="com.test.SanPham.testTimKiemLoaiSP" name="TestSelectByLoaiInSanPham" time="0.011"/>
</testsuite> <!-- testSP -->
