<?xml version="1.0" encoding="UTF-8"?>
<!-- Generated by org.testng.reporters.JUnitXMLReporter -->
<testsuite ignored="0" hostname="DESKTOP-CTJB10I" failures="0" tests="72" name="testSP" time="4.589" errors="0" timestamp="2022-04-12T18:49:03 ICT">
  <testcase classname="com.test.SanPham.testThemSP" name="TestInsert" time="0.995"/>
  <testcase classname="com.test.SanPham.testThemSP" name="TestInsert" time="0.188"/>
  <testcase classname="com.test.SanPham.testThemSP" name="TestInsert" time="0.09"/>
  <testcase classname="com.test.SanPham.testThemSP" name="TestInsert" time="0.185"/>
  <testcase classname="com.test.SanPham.testThemSP" name="TestInsert" time="0.068"/>
  <testcase classname="com.test.SanPham.testCapNhatSP" name="TestUpdateTenSP" time="0.077"/>
  <testcase classname="com.test.SanPham.testCapNhatSP" name="TestUpdateTenSP" time="0.062"/>
  <testcase classname="com.test.SanPham.testCapNhatSP" name="TestUpdateTenSP" time="0.057"/>
  <testcase classname="com.test.SanPham.testCapNhatSP" name="TestUpdateSoLuongSP" time="0.052"/>
  <testcase classname="com.test.SanPham.testCapNhatSP" name="TestUpdateSoLuongSP" time="0.07"/>
  <testcase classname="com.test.SanPham.testCapNhatSP" name="TestUpdateSoLuongSP" time="0.064"/>
  <testcase classname="com.test.SanPham.testCapNhatSP" name="TestUpdateGiaSP" time="0.05"/>
  <testcase classname="com.test.SanPham.testCapNhatSP" name="TestUpdateGiaSP" time="0.057"/>
  <testcase classname="com.test.SanPham.testCapNhatSP" name="TestUpdateGiaSP" time="0.08"/>
  <testcase classname="com.test.SanPham.testXoaSP" name="TestUpdateTenSP" time="0.05"/>
  <testcase classname="com.test.SanPham.testXoaSP" name="TestUpdateTenSP" time="0.046"/>
  <testcase classname="com.test.SanPham.testXoaSP" name="TestUpdateTenSP" time="0.076"/>
  <testcase classname="com.test.SanPham.testXoaSP" name="TestUpdateTenSP" time="0.066"/>
  <testcase classname="com.test.SanPham.testXoaSP" name="TestUpdateTenSP" time="0.117"/>
  <testcase classname="com.test.SanPham.testXoaSP" name="TestUpdateTenSP" time="0.046"/>
  <testcase classname="com.test.SanPham.testTimKiemSP" name="TestSelectAll" time="0.024"/>
  <testcase classname="com.test.SanPham.testTimKiemSP" name="TestTimKiem" time="0.029"/>
  <testcase classname="com.test.SanPham.testTimKiemSP" name="TestTimKiem" time="0.04"/>
  <testcase classname="com.test.SanPham.testTimKiemSP" name="TestTimKiem" time="0.027"/>
  <testcase classname="com.test.SanPham.testTimKiemSP" name="TestTimKiem" time="0.03"/>
  <testcase classname="com.test.SanPham.testTimKiemSP" name="TestTimKiem" time="0.03"/>
  <testcase classname="com.test.SanPham.testTimKiemSP" name="testSPDangKinhDoanh" time="0.029"/>
  <testcase classname="com.test.SanPham.testTimKiemSP" name="TestTimKiemSPKey" time="0.026"/>
  <testcase classname="com.test.SanPham.testTimKiemSP" name="TestTimKiemSPKey" time="0.021"/>
  <testcase classname="com.test.SanPham.testTimKiemSP" name="TestTimKiemSPKey" time="0.02"/>
  <testcase classname="com.test.SanPham.testTimKiemSP" name="TestTimKiemSPKey" time="0.021"/>
  <testcase classname="com.test.SanPham.testTimKiemSP" name="TestTimKiemSPKey" time="0.037"/>
  <testcase classname="com.test.SanPham.testTimKiemSP" name="TestTimKiemSPKey" time="0.019"/>
  <testcase classname="com.test.SanPham.testTimKiemSP" name="TestTimKiemSPKey" time="0.019"/>
  <testcase classname="com.test.SanPham.testTimKiemSP" name="TestTimKiemSPKey" time="0.019"/>
  <testcase classname="com.test.SanPham.testThemLoaiSP" name="TestInsert" time="0.039"/>
  <testcase classname="com.test.SanPham.testThemLoaiSP" name="TestInsert" time="0.032"/>
  <testcase classname="com.test.SanPham.testThemLoaiSP" name="TestInsert" time="0.034"/>
  <testcase classname="com.test.SanPham.testThemLoaiSP" name="TestInsert" time="0.031"/>
  <testcase classname="com.test.SanPham.testThemLoaiSP" name="TestInsert" time="0.053"/>
  <testcase classname="com.test.SanPham.testThemLoaiSP" name="TestInsert" time="0.032"/>
  <testcase classname="com.test.SanPham.testCapNhatLoaiSP" name="TestUpdate" time="0.033"/>
  <testcase classname="com.test.SanPham.testCapNhatLoaiSP" name="TestUpdate" time="0.04"/>
  <testcase classname="com.test.SanPham.testCapNhatLoaiSP" name="TestUpdate" time="0.043"/>
  <testcase classname="com.test.SanPham.testCapNhatLoaiSP" name="TestUpdate" time="0.032"/>
  <testcase classname="com.test.SanPham.testCapNhatLoaiSP" name="TestUpdate" time="0.045"/>
  <testcase classname="com.test.SanPham.testCapNhatLoaiSP" name="TestUpdate" time="0.039"/>
  <testcase classname="com.test.SanPham.testXoaLoaiSP" name="TestDelete" time="0.042"/>
  <testcase classname="com.test.SanPham.testXoaLoaiSP" name="TestDelete" time="0.031"/>
  <testcase classname="com.test.SanPham.testXoaLoaiSP" name="TestDelete" time="0.037"/>
  <testcase classname="com.test.SanPham.testXoaLoaiSP" name="TestDelete" time="0.05"/>
  <testcase classname="com.test.SanPham.testXoaLoaiSP" name="TestDelete" time="0.037"/>
  <testcase classname="com.test.SanPham.testXoaLoaiSP" name="TestDelete" time="0.037"/>
  <testcase classname="com.test.SanPham.testXoaLoaiSP" name="TestDelete" time="0.039"/>
  <testcase classname="com.test.SanPham.testTimKiemLoaiSP" name="TestFindById" time="0.037"/>
  <testcase classname="com.test.SanPham.testTimKiemLoaiSP" name="TestFindById" time="0.021"/>
  <testcase classname="com.test.SanPham.testTimKiemLoaiSP" name="TestFindById" time="0.019"/>
  <testcase classname="com.test.SanPham.testTimKiemLoaiSP" name="TestFindById" time="0.022"/>
  <testcase classname="com.test.SanPham.testTimKiemLoaiSP" name="TestFindById" time="0.021"/>
  <testcase classname="com.test.SanPham.testTimKiemLoaiSP" name="TestFindById" time="0.02"/>
  <testcase classname="com.test.SanPham.testTimKiemLoaiSP" name="TestFindByKeyword" time="0.034"/>
  <testcase classname="com.test.SanPham.testTimKiemLoaiSP" name="TestFindByKeyword" time="0.027"/>
  <testcase classname="com.test.SanPham.testTimKiemLoaiSP" name="TestFindByKeyword" time="0.026"/>
  <testcase classname="com.test.SanPham.testTimKiemLoaiSP" name="TestFindByKeyword" time="0.039"/>
  <testcase classname="com.test.SanPham.testTimKiemLoaiSP" name="TestFindByKeyword" time="0.018"/>
  <testcase classname="com.test.SanPham.testTimKiemLoaiSP" name="TestFindByKeyword" time="0.016"/>
  <testcase classname="com.test.SanPham.testTimKiemLoaiSP" name="TestSelectAll" time="0.015"/>
  <testcase classname="com.test.SanPham.testTimKiemLoaiSP" name="TestSelectByLoaiInSanPham" time="0.017"/>
  <testcase classname="com.test.SanPham.testTimKiemLoaiSP" name="TestSelectByLoaiInSanPham" time="0.02"/>
  <testcase classname="com.test.SanPham.testTimKiemLoaiSP" name="TestSelectByLoaiInSanPham" time="0.015"/>
  <testcase classname="com.test.SanPham.testTimKiemLoaiSP" name="TestSelectByLoaiInSanPham" time="0.02"/>
  <testcase classname="com.test.SanPham.testTimKiemLoaiSP" name="TestSelectByLoaiInSanPham" time="0.015"/>
</testsuite> <!-- testSP -->
