<?xml version="1.0" encoding="UTF-8"?>
<!-- Generated by org.testng.reporters.JUnitXMLReporter -->
<testsuite ignored="0" hostname="DESKTOP-CTJB10I" failures="1" tests="18" name="TestKhachHang" time="1.899" errors="0" timestamp="2022-04-12T18:37:46 ICT">
  <testcase classname="com.test.KhachHang.TestThemKH" name="insertKH" time="0.108"/>
  <testcase classname="com.test.KhachHang.TestThemKH" name="insertKH" time="0.095"/>
  <testcase classname="com.test.KhachHang.TestThemKH" name="insertKH" time="0.064"/>
  <testcase classname="com.test.KhachHang.TestSuaKH" name="updateKH" time="0.074"/>
  <testcase classname="com.test.KhachHang.TestSuaKH" name="updateKH" time="0.081"/>
  <testcase classname="com.test.KhachHang.TestSuaKH" name="updateKH" time="0.057"/>
  <testcase classname="com.test.KhachHang.TestXoaKH" name="updateKH" time="0.063"/>
  <testcase classname="com.test.KhachHang.TestXoaKH" name="updateKH" time="0.069"/>
  <testcase classname="com.test.KhachHang.TestXoaKH" name="updateKH" time="0.058"/>
  <testcase classname="com.test.KhachHang.TestTimKH" name="findKHbyID" time="0.025"/>
  <testcase classname="com.test.KhachHang.TestTimKH" name="findKHbyID" time="0.036"/>
  <testcase classname="com.test.KhachHang.TestTimKH" name="findKHbyID" time="0.074"/>
  <testcase classname="com.test.KhachHang.TestTimKH" name="findKHbyKey" time="0.047">
    <failure type="java.lang.AssertionError" message="expected [false] but found [true]">
      <![CDATA[java.lang.AssertionError: expected [false] but found [true]
at com.test.KhachHang.TestTimKH.findKHbyKey(TestTimKH.java:72)
at java.base/java.util.ArrayList.forEach(ArrayList.java:1511)
... Removed 32 stack frames]]>
    </failure>
  </testcase> <!-- findKHbyKey -->
  <testcase classname="com.test.KhachHang.TestTimKH" name="findKHbyKey" time="0.038"/>
  <testcase classname="com.test.KhachHang.TestTimKH" name="findKHbyKey" time="0.025"/>
  <testcase classname="com.test.KhachHang.TestTimKH" name="findKHbyHD" time="0.026"/>
  <testcase classname="com.test.KhachHang.TestTimKH" name="findKHbyHD" time="0.029"/>
  <testcase classname="com.test.KhachHang.TestTimKH" name="findKHbyHD" time="0.045"/>
</testsuite> <!-- TestKhachHang -->
