<?xml version="1.0" encoding="UTF-8"?>
<!-- Generated by org.testng.reporters.JUnitXMLReporter -->
<testsuite ignored="1" hostname="DESKTOP-CTJB10I" failures="0" tests="28" name="TestHoaDon" time="2.669" errors="0" timestamp="2022-04-21T10:49:51 ICT">
  <testcase classname="com.test.HoaDon.TestThemHoaDon" name="insertHD" time="0.095"/>
  <testcase classname="com.test.HoaDon.TestThemHoaDon" name="insertHD" time="0.067"/>
  <testcase classname="com.test.HoaDon.TestThemHoaDon" name="insertHD" time="0.058"/>
  <testcase classname="com.test.HoaDon.TestThemHoaDon" name="insertHDCT" time="0.059"/>
  <testcase classname="com.test.HoaDon.TestThemHoaDon" name="insertHDCT" time="0.052"/>
  <testcase classname="com.test.HoaDon.TestThemHoaDon" name="insertHDCT" time="0.045"/>
  <testcase classname="com.test.HoaDon.TestThemHoaDon" name="insertHDCT" time="0.05"/>
  <testcase classname="com.test.HoaDon.TestThemHoaDon" name="insertHDCT" time="0.051"/>
  <testcase classname="com.test.HoaDon.TestThemHoaDon" name="insertHDCT" time="0.053"/>
  <testcase classname="com.test.HoaDon.TestThemHoaDon" name="insertHDCT" time="0.044"/>
  <testcase classname="com.test.HoaDon.TestSuaHoaDon" name="updatetHD" time="0.053"/>
  <testcase classname="com.test.HoaDon.TestSuaHoaDon" name="updatetHD" time="0.05"/>
  <testcase classname="com.test.HoaDon.TestSuaHoaDon" name="updatetHD" time="0.045"/>
  <testcase classname="com.test.HoaDon.TestSuaHoaDon" name="updatetHD" time="0.052"/>
  <testcase classname="com.test.HoaDon.TestSuaHoaDon" name="updatetHDCT" time="0.043"/>
  <testcase classname="com.test.HoaDon.TestSuaHoaDon" name="updatetHDCT" time="0.051"/>
  <testcase classname="com.test.HoaDon.TestSuaHoaDon" name="updatetHDCT" time="0.049"/>
  <testcase classname="com.test.HoaDon.TestSuaHoaDon" name="updatetHDCT" time="0.038"/>
  <testcase classname="com.test.HoaDon.TestXoaHDCT" name="deleteHDCTbyID" time="0.048"/>
  <testcase classname="com.test.HoaDon.TestXoaHDCT" name="deleteHDCTbyID" time="0.037"/>
  <testcase classname="com.test.HoaDon.TestTimHoaDon" name="findHDbyMaHD" time="0.022"/>
  <testcase classname="com.test.HoaDon.TestTimHoaDon" name="findHDbyMaHD" time="0.021"/>
  <testcase classname="com.test.HoaDon.TestTimHoaDon" name="findHDbyKey" time="0.06"/>
  <testcase classname="com.test.HoaDon.TestTimHoaDon" name="findHDbyKey" time="0.019"/>
  <testcase classname="com.test.HoaDon.TestTimHoaDon" name="findHDCTbyID" time="0.022"/>
  <testcase classname="com.test.HoaDon.TestTimHoaDon" name="findHDCTbyID" time="0.023"/>
  <testcase classname="com.test.HoaDon.TestTimHoaDon" name="findHDCTbyMaHD" time="0.019"/>
  <testcase classname="com.test.HoaDon.TestTimHoaDon" name="findHDCTbyMaHD" time="0.023"/>
  <testcase classname="com.test.HoaDon.TestXoaHDCT" name="deleteHDCTbyMaHD" time="0.0">
    <ignored/>
  </testcase> <!-- deleteHDCTbyMaHD -->
</testsuite> <!-- TestHoaDon -->
