<?xml version="1.0" encoding="UTF-8"?>
<!-- Generated by org.testng.reporters.JUnitXMLReporter -->
<testsuite ignored="0" hostname="DESKTOP-CTJB10I" failures="1" tests="18" name="TestKhachHang" time="1.737" errors="0" timestamp="2022-04-21T10:50:17 ICT">
  <testcase classname="com.test.KhachHang.TestThemKH" name="insertKH" time="0.089"/>
  <testcase classname="com.test.KhachHang.TestThemKH" name="insertKH" time="0.066"/>
  <testcase classname="com.test.KhachHang.TestThemKH" name="insertKH" time="0.056"/>
  <testcase classname="com.test.KhachHang.TestSuaKH" name="updateKH" time="0.062"/>
  <testcase classname="com.test.KhachHang.TestSuaKH" name="updateKH" time="0.058"/>
  <testcase classname="com.test.KhachHang.TestSuaKH" name="updateKH" time="0.053"/>
  <testcase classname="com.test.KhachHang.TestXoaKH" name="updateKH" time="0.065"/>
  <testcase classname="com.test.KhachHang.TestXoaKH" name="updateKH" time="0.055"/>
  <testcase classname="com.test.KhachHang.TestXoaKH" name="updateKH" time="0.042"/>
  <testcase classname="com.test.KhachHang.TestTimKH" name="findKHbyID" time="0.022"/>
  <testcase classname="com.test.KhachHang.TestTimKH" name="findKHbyID" time="0.034"/>
  <testcase classname="com.test.KhachHang.TestTimKH" name="findKHbyID" time="0.028"/>
  <testcase classname="com.test.KhachHang.TestTimKH" name="findKHbyKey" time="0.031">
    <failure type="java.lang.AssertionError" message="expected [false] but found [true]">
      <![CDATA[java.lang.AssertionError: expected [false] but found [true]
at com.test.KhachHang.TestTimKH.findKHbyKey(TestTimKH.java:72)
at java.base/java.util.ArrayList.forEach(ArrayList.java:1511)
... Removed 32 stack frames]]>
    </failure>
  </testcase> <!-- findKHbyKey -->
  <testcase classname="com.test.KhachHang.TestTimKH" name="findKHbyKey" time="0.032"/>
  <testcase classname="com.test.KhachHang.TestTimKH" name="findKHbyKey" time="0.026"/>
  <testcase classname="com.test.KhachHang.TestTimKH" name="findKHbyHD" time="0.032"/>
  <testcase classname="com.test.KhachHang.TestTimKH" name="findKHbyHD" time="0.031"/>
  <testcase classname="com.test.KhachHang.TestTimKH" name="findKHbyHD" time="0.025"/>
</testsuite> <!-- TestKhachHang -->
