<?xml version="1.0" encoding="UTF-8"?>
<!-- Generated by org.testng.reporters.JUnitXMLReporter -->
<testsuite ignored="0" hostname="DESKTOP-CTJB10I" failures="0" tests="30" name="TestHoaDon" time="2.913" errors="0" timestamp="2022-04-12T16:56:26 ICT">
  <testcase classname="com.test.HoaDon.TestThemHoaDon" name="insertHD" time="0.083"/>
  <testcase classname="com.test.HoaDon.TestThemHoaDon" name="insertHD" time="0.076"/>
  <testcase classname="com.test.HoaDon.TestThemHoaDon" name="insertHD" time="0.066"/>
  <testcase classname="com.test.HoaDon.TestThemHoaDon" name="insertHDCT" time="0.06"/>
  <testcase classname="com.test.HoaDon.TestThemHoaDon" name="insertHDCT" time="0.051"/>
  <testcase classname="com.test.HoaDon.TestThemHoaDon" name="insertHDCT" time="0.055"/>
  <testcase classname="com.test.HoaDon.TestThemHoaDon" name="insertHDCT" time="0.054"/>
  <testcase classname="com.test.HoaDon.TestThemHoaDon" name="insertHDCT" time="0.053"/>
  <testcase classname="com.test.HoaDon.TestThemHoaDon" name="insertHDCT" time="0.046"/>
  <testcase classname="com.test.HoaDon.TestThemHoaDon" name="insertHDCT" time="0.047"/>
  <testcase classname="com.test.HoaDon.TestSuaHoaDon" name="updatetHD" time="0.058"/>
  <testcase classname="com.test.HoaDon.TestSuaHoaDon" name="updatetHD" time="0.058"/>
  <testcase classname="com.test.HoaDon.TestSuaHoaDon" name="updatetHD" time="0.044"/>
  <testcase classname="com.test.HoaDon.TestSuaHoaDon" name="updatetHD" time="0.054"/>
  <testcase classname="com.test.HoaDon.TestSuaHoaDon" name="updatetHDCT" time="0.051"/>
  <testcase classname="com.test.HoaDon.TestSuaHoaDon" name="updatetHDCT" time="0.07"/>
  <testcase classname="com.test.HoaDon.TestSuaHoaDon" name="updatetHDCT" time="0.048"/>
  <testcase classname="com.test.HoaDon.TestSuaHoaDon" name="updatetHDCT" time="0.06"/>
  <testcase classname="com.test.HoaDon.TestXoaHDCT" name="deleteHDCTbyID" time="0.074"/>
  <testcase classname="com.test.HoaDon.TestXoaHDCT" name="deleteHDCTbyID" time="0.051"/>
  <testcase classname="com.test.HoaDon.TestXoaHDCT" name="deleteHDCTbyMaHD" time="0.094"/>
  <testcase classname="com.test.HoaDon.TestXoaHDCT" name="deleteHDCTbyMaHD" time="0.042"/>
  <testcase classname="com.test.HoaDon.TestTimHoaDon" name="findHDbyMaHD" time="0.019"/>
  <testcase classname="com.test.HoaDon.TestTimHoaDon" name="findHDbyMaHD" time="0.016"/>
  <testcase classname="com.test.HoaDon.TestTimHoaDon" name="findHDbyKey" time="0.055"/>
  <testcase classname="com.test.HoaDon.TestTimHoaDon" name="findHDbyKey" time="0.02"/>
  <testcase classname="com.test.HoaDon.TestTimHoaDon" name="findHDCTbyID" time="0.019"/>
  <testcase classname="com.test.HoaDon.TestTimHoaDon" name="findHDCTbyID" time="0.02"/>
  <testcase classname="com.test.HoaDon.TestTimHoaDon" name="findHDCTbyMaHD" time="0.021"/>
  <testcase classname="com.test.HoaDon.TestTimHoaDon" name="findHDCTbyMaHD" time="0.019"/>
</testsuite> <!-- TestHoaDon -->
