<?xml version="1.0" encoding="UTF-8"?>
<testng-results ignored="0" total="72" passed="72" failed="0" skipped="0">
  <reporter-output>
  </reporter-output>
  <suite started-at="2022-04-12T18:48:59 ICT" name="testSP" finished-at="2022-04-12T18:49:03 ICT" duration-ms="4589">
    <groups>
    </groups>
    <test started-at="2022-04-12T18:48:59 ICT" name="testSP" finished-at="2022-04-12T18:49:03 ICT" duration-ms="4589">
      <class name="com.test.SanPham.testThemSP">
        <test-method is-config="true" signature="initialize()[pri:0, instance:com.test.SanPham.testThemSP@4b741d6d]" started-at="2022-04-12T18:48:59 ICT" name="initialize" finished-at="2022-04-12T18:48:59 ICT" duration-ms="14" status="PASS">
          <reporter-output>
          </reporter-output>
        </test-method> <!-- initialize -->
        <test-method signature="TestInsert(java.lang.String,java.lang.String,java.lang.Integer,java.lang.String,java.lang.String,java.lang.Double,java.lang.String,java.lang.String)[pri:0, instance:com.test.SanPham.testThemSP@4b741d6d]" started-at="2022-04-12T18:48:59 ICT" name="TestInsert" data-provider="db" finished-at="2022-04-12T18:49:00 ICT" duration-ms="995" status="PASS">
          <params>
            <param index="0">
              <value>
                <![CDATA[6]]>
              </value>
            </param>
            <param index="1">
              <value>
                <![CDATA[Găng tay chóng nắng (Hồng) ]]>
              </value>
            </param>
            <param index="2">
              <value>
                <![CDATA[200]]>
              </value>
            </param>
            <param index="3">
              <value>
                <![CDATA[5]]>
              </value>
            </param>
            <param index="4">
              <value>
                <![CDATA[2]]>
              </value>
            </param>
            <param index="5">
              <value>
                <![CDATA[15000.0]]>
              </value>
            </param>
            <param index="6">
              <value>
                <![CDATA[Đang Kinh Doanh]]>
              </value>
            </param>
            <param index="7">
              <value>
                <![CDATA[6]]>
              </value>
            </param>
          </params>
          <reporter-output>
          </reporter-output>
        </test-method> <!-- TestInsert -->
        <test-method signature="TestInsert(java.lang.String,java.lang.String,java.lang.Integer,java.lang.String,java.lang.String,java.lang.Double,java.lang.String,java.lang.String)[pri:0, instance:com.test.SanPham.testThemSP@4b741d6d]" started-at="2022-04-12T18:49:00 ICT" name="TestInsert" data-provider="db" finished-at="2022-04-12T18:49:00 ICT" duration-ms="188" status="PASS">
          <params>
            <param index="0">
              <value>
                <![CDATA[7]]>
              </value>
            </param>
            <param index="1">
              <value>
                <![CDATA[Găng tay chóng nắng (Đỏ)]]>
              </value>
            </param>
            <param index="2">
              <value>
                <![CDATA[200]]>
              </value>
            </param>
            <param index="3">
              <value>
                <![CDATA[5]]>
              </value>
            </param>
            <param index="4">
              <value>
                <![CDATA[2]]>
              </value>
            </param>
            <param index="5">
              <value>
                <![CDATA[15000.0]]>
              </value>
            </param>
            <param index="6">
              <value>
                <![CDATA[Đang Kinh Doanh]]>
              </value>
            </param>
            <param index="7">
              <value>
                <![CDATA[7]]>
              </value>
            </param>
          </params>
          <reporter-output>
          </reporter-output>
        </test-method> <!-- TestInsert -->
        <test-method signature="TestInsert(java.lang.String,java.lang.String,java.lang.Integer,java.lang.String,java.lang.String,java.lang.Double,java.lang.String,java.lang.String)[pri:0, instance:com.test.SanPham.testThemSP@4b741d6d]" started-at="2022-04-12T18:49:00 ICT" name="TestInsert" data-provider="db" finished-at="2022-04-12T18:49:00 ICT" duration-ms="90" status="PASS">
          <params>
            <param index="0">
              <value>
                <![CDATA[8]]>
              </value>
            </param>
            <param index="1">
              <value>
                <![CDATA[Găng tay chóng nắng (Xanh)]]>
              </value>
            </param>
            <param index="2">
              <value>
                <![CDATA[200]]>
              </value>
            </param>
            <param index="3">
              <value>
                <![CDATA[5]]>
              </value>
            </param>
            <param index="4">
              <value>
                <![CDATA[2]]>
              </value>
            </param>
            <param index="5">
              <value>
                <![CDATA[15000.0]]>
              </value>
            </param>
            <param index="6">
              <value>
                <![CDATA[Đang Kinh Doanh]]>
              </value>
            </param>
            <param index="7">
              <value>
                <![CDATA[8]]>
              </value>
            </param>
          </params>
          <reporter-output>
          </reporter-output>
        </test-method> <!-- TestInsert -->
        <test-method signature="TestInsert(java.lang.String,java.lang.String,java.lang.Integer,java.lang.String,java.lang.String,java.lang.Double,java.lang.String,java.lang.String)[pri:0, instance:com.test.SanPham.testThemSP@4b741d6d]" started-at="2022-04-12T18:49:00 ICT" name="TestInsert" data-provider="db" finished-at="2022-04-12T18:49:00 ICT" duration-ms="185" status="PASS">
          <params>
            <param index="0">
              <value>
                <![CDATA[9]]>
              </value>
            </param>
            <param index="1">
              <value>
                <![CDATA[Găng tay chóng nắng (Đen)]]>
              </value>
            </param>
            <param index="2">
              <value>
                <![CDATA[200]]>
              </value>
            </param>
            <param index="3">
              <value>
                <![CDATA[5]]>
              </value>
            </param>
            <param index="4">
              <value>
                <![CDATA[9]]>
              </value>
            </param>
            <param index="5">
              <value>
                <![CDATA[15000.0]]>
              </value>
            </param>
            <param index="6">
              <value>
                <![CDATA[Đang Kinh Doanh]]>
              </value>
            </param>
            <param index="7">
              <value>
                <![CDATA[]]>
              </value>
            </param>
          </params>
          <reporter-output>
          </reporter-output>
        </test-method> <!-- TestInsert -->
        <test-method signature="TestInsert(java.lang.String,java.lang.String,java.lang.Integer,java.lang.String,java.lang.String,java.lang.Double,java.lang.String,java.lang.String)[pri:0, instance:com.test.SanPham.testThemSP@4b741d6d]" started-at="2022-04-12T18:49:00 ICT" name="TestInsert" data-provider="db" finished-at="2022-04-12T18:49:00 ICT" duration-ms="68" status="PASS">
          <params>
            <param index="0">
              <value>
                <![CDATA[10]]>
              </value>
            </param>
            <param index="1">
              <value>
                <![CDATA[Găng tay chóng nắng (Tím)]]>
              </value>
            </param>
            <param index="2">
              <value>
                <![CDATA[200]]>
              </value>
            </param>
            <param index="3">
              <value>
                <![CDATA[100]]>
              </value>
            </param>
            <param index="4">
              <value>
                <![CDATA[2]]>
              </value>
            </param>
            <param index="5">
              <value>
                <![CDATA[15000.0]]>
              </value>
            </param>
            <param index="6">
              <value>
                <![CDATA[Đang Kinh Doanh]]>
              </value>
            </param>
            <param index="7">
              <value>
                <![CDATA[]]>
              </value>
            </param>
          </params>
          <reporter-output>
          </reporter-output>
        </test-method> <!-- TestInsert -->
      </class> <!-- com.test.SanPham.testThemSP -->
      <class name="com.test.SanPham.testXoaSP">
        <test-method is-config="true" signature="initialize()[pri:0, instance:com.test.SanPham.testXoaSP@17f62e33]" started-at="2022-04-12T18:49:01 ICT" name="initialize" finished-at="2022-04-12T18:49:01 ICT" duration-ms="0" status="PASS">
          <reporter-output>
          </reporter-output>
        </test-method> <!-- initialize -->
        <test-method is-config="true" signature="getSize()[pri:0, instance:com.test.SanPham.testXoaSP@17f62e33]" started-at="2022-04-12T18:49:01 ICT" name="getSize" finished-at="2022-04-12T18:49:01 ICT" duration-ms="40" status="PASS">
          <reporter-output>
          </reporter-output>
        </test-method> <!-- getSize -->
        <test-method signature="TestUpdateTenSP(java.lang.String,int)[pri:0, instance:com.test.SanPham.testXoaSP@17f62e33]" started-at="2022-04-12T18:49:01 ICT" name="TestUpdateTenSP" data-provider="db" finished-at="2022-04-12T18:49:01 ICT" duration-ms="50" status="PASS">
          <params>
            <param index="0">
              <value>
                <![CDATA[6]]>
              </value>
            </param>
            <param index="1">
              <value>
                <![CDATA[1]]>
              </value>
            </param>
          </params>
          <reporter-output>
          </reporter-output>
        </test-method> <!-- TestUpdateTenSP -->
        <test-method is-config="true" signature="getSize()[pri:0, instance:com.test.SanPham.testXoaSP@17f62e33]" started-at="2022-04-12T18:49:01 ICT" name="getSize" finished-at="2022-04-12T18:49:01 ICT" duration-ms="25" status="PASS">
          <reporter-output>
          </reporter-output>
        </test-method> <!-- getSize -->
        <test-method signature="TestUpdateTenSP(java.lang.String,int)[pri:0, instance:com.test.SanPham.testXoaSP@17f62e33]" started-at="2022-04-12T18:49:01 ICT" name="TestUpdateTenSP" data-provider="db" finished-at="2022-04-12T18:49:01 ICT" duration-ms="46" status="PASS">
          <params>
            <param index="0">
              <value>
                <![CDATA[7]]>
              </value>
            </param>
            <param index="1">
              <value>
                <![CDATA[1]]>
              </value>
            </param>
          </params>
          <reporter-output>
          </reporter-output>
        </test-method> <!-- TestUpdateTenSP -->
        <test-method is-config="true" signature="getSize()[pri:0, instance:com.test.SanPham.testXoaSP@17f62e33]" started-at="2022-04-12T18:49:01 ICT" name="getSize" finished-at="2022-04-12T18:49:01 ICT" duration-ms="47" status="PASS">
          <reporter-output>
          </reporter-output>
        </test-method> <!-- getSize -->
        <test-method signature="TestUpdateTenSP(java.lang.String,int)[pri:0, instance:com.test.SanPham.testXoaSP@17f62e33]" started-at="2022-04-12T18:49:01 ICT" name="TestUpdateTenSP" data-provider="db" finished-at="2022-04-12T18:49:01 ICT" duration-ms="76" status="PASS">
          <params>
            <param index="0">
              <value>
                <![CDATA[8]]>
              </value>
            </param>
            <param index="1">
              <value>
                <![CDATA[1]]>
              </value>
            </param>
          </params>
          <reporter-output>
          </reporter-output>
        </test-method> <!-- TestUpdateTenSP -->
        <test-method is-config="true" signature="getSize()[pri:0, instance:com.test.SanPham.testXoaSP@17f62e33]" started-at="2022-04-12T18:49:01 ICT" name="getSize" finished-at="2022-04-12T18:49:01 ICT" duration-ms="51" status="PASS">
          <reporter-output>
          </reporter-output>
        </test-method> <!-- getSize -->
        <test-method signature="TestUpdateTenSP(java.lang.String,int)[pri:0, instance:com.test.SanPham.testXoaSP@17f62e33]" started-at="2022-04-12T18:49:01 ICT" name="TestUpdateTenSP" data-provider="db" finished-at="2022-04-12T18:49:01 ICT" duration-ms="66" status="PASS">
          <params>
            <param index="0">
              <value>
                <![CDATA[100]]>
              </value>
            </param>
            <param index="1">
              <value>
                <![CDATA[0]]>
              </value>
            </param>
          </params>
          <reporter-output>
          </reporter-output>
        </test-method> <!-- TestUpdateTenSP -->
        <test-method is-config="true" signature="getSize()[pri:0, instance:com.test.SanPham.testXoaSP@17f62e33]" started-at="2022-04-12T18:49:01 ICT" name="getSize" finished-at="2022-04-12T18:49:01 ICT" duration-ms="24" status="PASS">
          <reporter-output>
          </reporter-output>
        </test-method> <!-- getSize -->
        <test-method signature="TestUpdateTenSP(java.lang.String,int)[pri:0, instance:com.test.SanPham.testXoaSP@17f62e33]" started-at="2022-04-12T18:49:01 ICT" name="TestUpdateTenSP" data-provider="db" finished-at="2022-04-12T18:49:01 ICT" duration-ms="117" status="PASS">
          <params>
            <param index="0">
              <value>
                <![CDATA[1]]>
              </value>
            </param>
            <param index="1">
              <value>
                <![CDATA[0]]>
              </value>
            </param>
          </params>
          <reporter-output>
          </reporter-output>
        </test-method> <!-- TestUpdateTenSP -->
        <test-method is-config="true" signature="getSize()[pri:0, instance:com.test.SanPham.testXoaSP@17f62e33]" started-at="2022-04-12T18:49:01 ICT" name="getSize" finished-at="2022-04-12T18:49:02 ICT" duration-ms="24" status="PASS">
          <reporter-output>
          </reporter-output>
        </test-method> <!-- getSize -->
        <test-method signature="TestUpdateTenSP(java.lang.String,int)[pri:0, instance:com.test.SanPham.testXoaSP@17f62e33]" started-at="2022-04-12T18:49:02 ICT" name="TestUpdateTenSP" data-provider="db" finished-at="2022-04-12T18:49:02 ICT" duration-ms="46" status="PASS">
          <params>
            <param index="0">
              <value>
                <![CDATA[3]]>
              </value>
            </param>
            <param index="1">
              <value>
                <![CDATA[0]]>
              </value>
            </param>
          </params>
          <reporter-output>
          </reporter-output>
        </test-method> <!-- TestUpdateTenSP -->
      </class> <!-- com.test.SanPham.testXoaSP -->
      <class name="com.test.SanPham.testXoaLoaiSP">
        <test-method is-config="true" signature="initialize()[pri:0, instance:com.test.SanPham.testXoaLoaiSP@793f29ff]" started-at="2022-04-12T18:49:02 ICT" name="initialize" finished-at="2022-04-12T18:49:02 ICT" duration-ms="0" status="PASS">
          <reporter-output>
          </reporter-output>
        </test-method> <!-- initialize -->
        <test-method is-config="true" signature="getSize()[pri:0, instance:com.test.SanPham.testXoaLoaiSP@793f29ff]" started-at="2022-04-12T18:49:02 ICT" name="getSize" finished-at="2022-04-12T18:49:02 ICT" duration-ms="22" status="PASS">
          <reporter-output>
          </reporter-output>
        </test-method> <!-- getSize -->
        <test-method signature="TestDelete(java.lang.String,int)[pri:0, instance:com.test.SanPham.testXoaLoaiSP@793f29ff]" started-at="2022-04-12T18:49:02 ICT" name="TestDelete" data-provider="db" finished-at="2022-04-12T18:49:03 ICT" duration-ms="42" status="PASS">
          <params>
            <param index="0">
              <value>
                <![CDATA[6]]>
              </value>
            </param>
            <param index="1">
              <value>
                <![CDATA[1]]>
              </value>
            </param>
          </params>
          <reporter-output>
          </reporter-output>
        </test-method> <!-- TestDelete -->
        <test-method is-config="true" signature="getSize()[pri:0, instance:com.test.SanPham.testXoaLoaiSP@793f29ff]" started-at="2022-04-12T18:49:03 ICT" name="getSize" finished-at="2022-04-12T18:49:03 ICT" duration-ms="22" status="PASS">
          <reporter-output>
          </reporter-output>
        </test-method> <!-- getSize -->
        <test-method signature="TestDelete(java.lang.String,int)[pri:0, instance:com.test.SanPham.testXoaLoaiSP@793f29ff]" started-at="2022-04-12T18:49:03 ICT" name="TestDelete" data-provider="db" finished-at="2022-04-12T18:49:03 ICT" duration-ms="31" status="PASS">
          <params>
            <param index="0">
              <value>
                <![CDATA[7]]>
              </value>
            </param>
            <param index="1">
              <value>
                <![CDATA[1]]>
              </value>
            </param>
          </params>
          <reporter-output>
          </reporter-output>
        </test-method> <!-- TestDelete -->
        <test-method is-config="true" signature="getSize()[pri:0, instance:com.test.SanPham.testXoaLoaiSP@793f29ff]" started-at="2022-04-12T18:49:03 ICT" name="getSize" finished-at="2022-04-12T18:49:03 ICT" duration-ms="19" status="PASS">
          <reporter-output>
          </reporter-output>
        </test-method> <!-- getSize -->
        <test-method signature="TestDelete(java.lang.String,int)[pri:0, instance:com.test.SanPham.testXoaLoaiSP@793f29ff]" started-at="2022-04-12T18:49:03 ICT" name="TestDelete" data-provider="db" finished-at="2022-04-12T18:49:03 ICT" duration-ms="37" status="PASS">
          <params>
            <param index="0">
              <value>
                <![CDATA[8]]>
              </value>
            </param>
            <param index="1">
              <value>
                <![CDATA[1]]>
              </value>
            </param>
          </params>
          <reporter-output>
          </reporter-output>
        </test-method> <!-- TestDelete -->
        <test-method is-config="true" signature="getSize()[pri:0, instance:com.test.SanPham.testXoaLoaiSP@793f29ff]" started-at="2022-04-12T18:49:03 ICT" name="getSize" finished-at="2022-04-12T18:49:03 ICT" duration-ms="33" status="PASS">
          <reporter-output>
          </reporter-output>
        </test-method> <!-- getSize -->
        <test-method signature="TestDelete(java.lang.String,int)[pri:0, instance:com.test.SanPham.testXoaLoaiSP@793f29ff]" started-at="2022-04-12T18:49:03 ICT" name="TestDelete" data-provider="db" finished-at="2022-04-12T18:49:03 ICT" duration-ms="50" status="PASS">
          <params>
            <param index="0">
              <value>
                <![CDATA[9]]>
              </value>
            </param>
            <param index="1">
              <value>
                <![CDATA[1]]>
              </value>
            </param>
          </params>
          <reporter-output>
          </reporter-output>
        </test-method> <!-- TestDelete -->
        <test-method is-config="true" signature="getSize()[pri:0, instance:com.test.SanPham.testXoaLoaiSP@793f29ff]" started-at="2022-04-12T18:49:03 ICT" name="getSize" finished-at="2022-04-12T18:49:03 ICT" duration-ms="19" status="PASS">
          <reporter-output>
          </reporter-output>
        </test-method> <!-- getSize -->
        <test-method signature="TestDelete(java.lang.String,int)[pri:0, instance:com.test.SanPham.testXoaLoaiSP@793f29ff]" started-at="2022-04-12T18:49:03 ICT" name="TestDelete" data-provider="db" finished-at="2022-04-12T18:49:03 ICT" duration-ms="37" status="PASS">
          <params>
            <param index="0">
              <value>
                <![CDATA[100]]>
              </value>
            </param>
            <param index="1">
              <value>
                <![CDATA[0]]>
              </value>
            </param>
          </params>
          <reporter-output>
          </reporter-output>
        </test-method> <!-- TestDelete -->
        <test-method is-config="true" signature="getSize()[pri:0, instance:com.test.SanPham.testXoaLoaiSP@793f29ff]" started-at="2022-04-12T18:49:03 ICT" name="getSize" finished-at="2022-04-12T18:49:03 ICT" duration-ms="18" status="PASS">
          <reporter-output>
          </reporter-output>
        </test-method> <!-- getSize -->
        <test-method signature="TestDelete(java.lang.String,int)[pri:0, instance:com.test.SanPham.testXoaLoaiSP@793f29ff]" started-at="2022-04-12T18:49:03 ICT" name="TestDelete" data-provider="db" finished-at="2022-04-12T18:49:03 ICT" duration-ms="37" status="PASS">
          <params>
            <param index="0">
              <value>
                <![CDATA[10]]>
              </value>
            </param>
            <param index="1">
              <value>
                <![CDATA[0]]>
              </value>
            </param>
          </params>
          <reporter-output>
          </reporter-output>
        </test-method> <!-- TestDelete -->
        <test-method is-config="true" signature="getSize()[pri:0, instance:com.test.SanPham.testXoaLoaiSP@793f29ff]" started-at="2022-04-12T18:49:03 ICT" name="getSize" finished-at="2022-04-12T18:49:03 ICT" duration-ms="20" status="PASS">
          <reporter-output>
          </reporter-output>
        </test-method> <!-- getSize -->
        <test-method signature="TestDelete(java.lang.String,int)[pri:0, instance:com.test.SanPham.testXoaLoaiSP@793f29ff]" started-at="2022-04-12T18:49:03 ICT" name="TestDelete" data-provider="db" finished-at="2022-04-12T18:49:03 ICT" duration-ms="39" status="PASS">
          <params>
            <param index="0">
              <value>
                <![CDATA[5]]>
              </value>
            </param>
            <param index="1">
              <value>
                <![CDATA[0]]>
              </value>
            </param>
          </params>
          <reporter-output>
          </reporter-output>
        </test-method> <!-- TestDelete -->
      </class> <!-- com.test.SanPham.testXoaLoaiSP -->
      <class name="com.test.SanPham.testCapNhatSP">
        <test-method is-config="true" signature="initialize()[pri:0, instance:com.test.SanPham.testCapNhatSP@74ea2410]" started-at="2022-04-12T18:49:00 ICT" name="initialize" finished-at="2022-04-12T18:49:00 ICT" duration-ms="0" status="PASS">
          <reporter-output>
          </reporter-output>
        </test-method> <!-- initialize -->
        <test-method signature="TestUpdateTenSP(java.lang.String,java.lang.String,java.lang.Integer,java.lang.String,java.lang.String,java.lang.Double,java.lang.String,java.lang.String)[pri:0, instance:com.test.SanPham.testCapNhatSP@74ea2410]" started-at="2022-04-12T18:49:00 ICT" name="TestUpdateTenSP" data-provider="db" finished-at="2022-04-12T18:49:00 ICT" duration-ms="77" status="PASS">
          <params>
            <param index="0">
              <value>
                <![CDATA[6]]>
              </value>
            </param>
            <param index="1">
              <value>
                <![CDATA[Găng tay thường (Hồng)]]>
              </value>
            </param>
            <param index="2">
              <value>
                <![CDATA[200]]>
              </value>
            </param>
            <param index="3">
              <value>
                <![CDATA[5]]>
              </value>
            </param>
            <param index="4">
              <value>
                <![CDATA[2]]>
              </value>
            </param>
            <param index="5">
              <value>
                <![CDATA[15000.0]]>
              </value>
            </param>
            <param index="6">
              <value>
                <![CDATA[Đang Kinh Doanh]]>
              </value>
            </param>
            <param index="7">
              <value>
                <![CDATA[Găng tay thường (Hồng)]]>
              </value>
            </param>
          </params>
          <reporter-output>
          </reporter-output>
        </test-method> <!-- TestUpdateTenSP -->
        <test-method signature="TestUpdateTenSP(java.lang.String,java.lang.String,java.lang.Integer,java.lang.String,java.lang.String,java.lang.Double,java.lang.String,java.lang.String)[pri:0, instance:com.test.SanPham.testCapNhatSP@74ea2410]" started-at="2022-04-12T18:49:00 ICT" name="TestUpdateTenSP" data-provider="db" finished-at="2022-04-12T18:49:00 ICT" duration-ms="62" status="PASS">
          <params>
            <param index="0">
              <value>
                <![CDATA[7]]>
              </value>
            </param>
            <param index="1">
              <value>
                <![CDATA[Găng tay thường (Đỏ)]]>
              </value>
            </param>
            <param index="2">
              <value>
                <![CDATA[200]]>
              </value>
            </param>
            <param index="3">
              <value>
                <![CDATA[5]]>
              </value>
            </param>
            <param index="4">
              <value>
                <![CDATA[2]]>
              </value>
            </param>
            <param index="5">
              <value>
                <![CDATA[15000.0]]>
              </value>
            </param>
            <param index="6">
              <value>
                <![CDATA[Đang Kinh Doanh]]>
              </value>
            </param>
            <param index="7">
              <value>
                <![CDATA[Găng tay thường (Đỏ)]]>
              </value>
            </param>
          </params>
          <reporter-output>
          </reporter-output>
        </test-method> <!-- TestUpdateTenSP -->
        <test-method signature="TestUpdateTenSP(java.lang.String,java.lang.String,java.lang.Integer,java.lang.String,java.lang.String,java.lang.Double,java.lang.String,java.lang.String)[pri:0, instance:com.test.SanPham.testCapNhatSP@74ea2410]" started-at="2022-04-12T18:49:00 ICT" name="TestUpdateTenSP" data-provider="db" finished-at="2022-04-12T18:49:01 ICT" duration-ms="57" status="PASS">
          <params>
            <param index="0">
              <value>
                <![CDATA[8]]>
              </value>
            </param>
            <param index="1">
              <value>
                <![CDATA[Găng tay thường (Xanh)]]>
              </value>
            </param>
            <param index="2">
              <value>
                <![CDATA[200]]>
              </value>
            </param>
            <param index="3">
              <value>
                <![CDATA[5]]>
              </value>
            </param>
            <param index="4">
              <value>
                <![CDATA[2]]>
              </value>
            </param>
            <param index="5">
              <value>
                <![CDATA[15000.0]]>
              </value>
            </param>
            <param index="6">
              <value>
                <![CDATA[Đang Kinh Doanh]]>
              </value>
            </param>
            <param index="7">
              <value>
                <![CDATA[Găng tay thường (Xanh)]]>
              </value>
            </param>
          </params>
          <reporter-output>
          </reporter-output>
        </test-method> <!-- TestUpdateTenSP -->
        <test-method signature="TestUpdateSoLuongSP(java.lang.String,java.lang.String,java.lang.Integer,java.lang.String,java.lang.String,java.lang.Double,java.lang.String,int)[pri:1, instance:com.test.SanPham.testCapNhatSP@74ea2410]" started-at="2022-04-12T18:49:01 ICT" name="TestUpdateSoLuongSP" data-provider="db1" finished-at="2022-04-12T18:49:01 ICT" duration-ms="52" status="PASS">
          <params>
            <param index="0">
              <value>
                <![CDATA[6]]>
              </value>
            </param>
            <param index="1">
              <value>
                <![CDATA[Găng tay thường (Hồng)]]>
              </value>
            </param>
            <param index="2">
              <value>
                <![CDATA[150]]>
              </value>
            </param>
            <param index="3">
              <value>
                <![CDATA[5]]>
              </value>
            </param>
            <param index="4">
              <value>
                <![CDATA[2]]>
              </value>
            </param>
            <param index="5">
              <value>
                <![CDATA[15000.0]]>
              </value>
            </param>
            <param index="6">
              <value>
                <![CDATA[Đang Kinh Doanh]]>
              </value>
            </param>
            <param index="7">
              <value>
                <![CDATA[150]]>
              </value>
            </param>
          </params>
          <reporter-output>
          </reporter-output>
        </test-method> <!-- TestUpdateSoLuongSP -->
        <test-method signature="TestUpdateSoLuongSP(java.lang.String,java.lang.String,java.lang.Integer,java.lang.String,java.lang.String,java.lang.Double,java.lang.String,int)[pri:1, instance:com.test.SanPham.testCapNhatSP@74ea2410]" started-at="2022-04-12T18:49:01 ICT" name="TestUpdateSoLuongSP" data-provider="db1" finished-at="2022-04-12T18:49:01 ICT" duration-ms="70" status="PASS">
          <params>
            <param index="0">
              <value>
                <![CDATA[7]]>
              </value>
            </param>
            <param index="1">
              <value>
                <![CDATA[Găng tay thường (Đỏ)]]>
              </value>
            </param>
            <param index="2">
              <value>
                <![CDATA[690]]>
              </value>
            </param>
            <param index="3">
              <value>
                <![CDATA[5]]>
              </value>
            </param>
            <param index="4">
              <value>
                <![CDATA[2]]>
              </value>
            </param>
            <param index="5">
              <value>
                <![CDATA[15000.0]]>
              </value>
            </param>
            <param index="6">
              <value>
                <![CDATA[Đang Kinh Doanh]]>
              </value>
            </param>
            <param index="7">
              <value>
                <![CDATA[690]]>
              </value>
            </param>
          </params>
          <reporter-output>
          </reporter-output>
        </test-method> <!-- TestUpdateSoLuongSP -->
        <test-method signature="TestUpdateSoLuongSP(java.lang.String,java.lang.String,java.lang.Integer,java.lang.String,java.lang.String,java.lang.Double,java.lang.String,int)[pri:1, instance:com.test.SanPham.testCapNhatSP@74ea2410]" started-at="2022-04-12T18:49:01 ICT" name="TestUpdateSoLuongSP" data-provider="db1" finished-at="2022-04-12T18:49:01 ICT" duration-ms="64" status="PASS">
          <params>
            <param index="0">
              <value>
                <![CDATA[8]]>
              </value>
            </param>
            <param index="1">
              <value>
                <![CDATA[Găng tay thường (Xanh)]]>
              </value>
            </param>
            <param index="2">
              <value>
                <![CDATA[300]]>
              </value>
            </param>
            <param index="3">
              <value>
                <![CDATA[5]]>
              </value>
            </param>
            <param index="4">
              <value>
                <![CDATA[2]]>
              </value>
            </param>
            <param index="5">
              <value>
                <![CDATA[15000.0]]>
              </value>
            </param>
            <param index="6">
              <value>
                <![CDATA[Đang Kinh Doanh]]>
              </value>
            </param>
            <param index="7">
              <value>
                <![CDATA[300]]>
              </value>
            </param>
          </params>
          <reporter-output>
          </reporter-output>
        </test-method> <!-- TestUpdateSoLuongSP -->
        <test-method signature="TestUpdateGiaSP(java.lang.String,java.lang.String,java.lang.Integer,java.lang.String,java.lang.String,java.lang.Double,java.lang.String,double)[pri:2, instance:com.test.SanPham.testCapNhatSP@74ea2410]" started-at="2022-04-12T18:49:01 ICT" name="TestUpdateGiaSP" data-provider="db2" finished-at="2022-04-12T18:49:01 ICT" duration-ms="50" status="PASS">
          <params>
            <param index="0">
              <value>
                <![CDATA[6]]>
              </value>
            </param>
            <param index="1">
              <value>
                <![CDATA[Găng tay thường (Hồng)]]>
              </value>
            </param>
            <param index="2">
              <value>
                <![CDATA[150]]>
              </value>
            </param>
            <param index="3">
              <value>
                <![CDATA[5]]>
              </value>
            </param>
            <param index="4">
              <value>
                <![CDATA[2]]>
              </value>
            </param>
            <param index="5">
              <value>
                <![CDATA[10000.0]]>
              </value>
            </param>
            <param index="6">
              <value>
                <![CDATA[Đang Kinh Doanh]]>
              </value>
            </param>
            <param index="7">
              <value>
                <![CDATA[10000.0]]>
              </value>
            </param>
          </params>
          <reporter-output>
          </reporter-output>
        </test-method> <!-- TestUpdateGiaSP -->
        <test-method signature="TestUpdateGiaSP(java.lang.String,java.lang.String,java.lang.Integer,java.lang.String,java.lang.String,java.lang.Double,java.lang.String,double)[pri:2, instance:com.test.SanPham.testCapNhatSP@74ea2410]" started-at="2022-04-12T18:49:01 ICT" name="TestUpdateGiaSP" data-provider="db2" finished-at="2022-04-12T18:49:01 ICT" duration-ms="57" status="PASS">
          <params>
            <param index="0">
              <value>
                <![CDATA[7]]>
              </value>
            </param>
            <param index="1">
              <value>
                <![CDATA[Găng tay thường (Đỏ)]]>
              </value>
            </param>
            <param index="2">
              <value>
                <![CDATA[690]]>
              </value>
            </param>
            <param index="3">
              <value>
                <![CDATA[5]]>
              </value>
            </param>
            <param index="4">
              <value>
                <![CDATA[2]]>
              </value>
            </param>
            <param index="5">
              <value>
                <![CDATA[12000.0]]>
              </value>
            </param>
            <param index="6">
              <value>
                <![CDATA[Đang Kinh Doanh]]>
              </value>
            </param>
            <param index="7">
              <value>
                <![CDATA[12000.0]]>
              </value>
            </param>
          </params>
          <reporter-output>
          </reporter-output>
        </test-method> <!-- TestUpdateGiaSP -->
        <test-method signature="TestUpdateGiaSP(java.lang.String,java.lang.String,java.lang.Integer,java.lang.String,java.lang.String,java.lang.Double,java.lang.String,double)[pri:2, instance:com.test.SanPham.testCapNhatSP@74ea2410]" started-at="2022-04-12T18:49:01 ICT" name="TestUpdateGiaSP" data-provider="db2" finished-at="2022-04-12T18:49:01 ICT" duration-ms="80" status="PASS">
          <params>
            <param index="0">
              <value>
                <![CDATA[8]]>
              </value>
            </param>
            <param index="1">
              <value>
                <![CDATA[Găng tay thường (Xanh)]]>
              </value>
            </param>
            <param index="2">
              <value>
                <![CDATA[300]]>
              </value>
            </param>
            <param index="3">
              <value>
                <![CDATA[5]]>
              </value>
            </param>
            <param index="4">
              <value>
                <![CDATA[2]]>
              </value>
            </param>
            <param index="5">
              <value>
                <![CDATA[13000.0]]>
              </value>
            </param>
            <param index="6">
              <value>
                <![CDATA[Đang Kinh Doanh]]>
              </value>
            </param>
            <param index="7">
              <value>
                <![CDATA[13000.0]]>
              </value>
            </param>
          </params>
          <reporter-output>
          </reporter-output>
        </test-method> <!-- TestUpdateGiaSP -->
      </class> <!-- com.test.SanPham.testCapNhatSP -->
      <class name="com.test.SanPham.testCapNhatLoaiSP">
        <test-method is-config="true" signature="initialize()[pri:0, instance:com.test.SanPham.testCapNhatLoaiSP@5d0bf09b]" started-at="2022-04-12T18:49:02 ICT" name="initialize" finished-at="2022-04-12T18:49:02 ICT" duration-ms="0" status="PASS">
          <reporter-output>
          </reporter-output>
        </test-method> <!-- initialize -->
        <test-method signature="TestUpdate(java.lang.String,java.lang.String,java.lang.String,java.lang.String)[pri:0, instance:com.test.SanPham.testCapNhatLoaiSP@5d0bf09b]" started-at="2022-04-12T18:49:02 ICT" name="TestUpdate" data-provider="db" finished-at="2022-04-12T18:49:02 ICT" duration-ms="33" status="PASS">
          <params>
            <param index="0">
              <value>
                <![CDATA[6]]>
              </value>
            </param>
            <param index="1">
              <value>
                <![CDATA[Đồ ngủ]]>
              </value>
            </param>
            <param index="2">
              <value>
                <![CDATA[Pijama]]>
              </value>
            </param>
            <param index="3">
              <value>
                <![CDATA[Đồ ngủ]]>
              </value>
            </param>
          </params>
          <reporter-output>
          </reporter-output>
        </test-method> <!-- TestUpdate -->
        <test-method signature="TestUpdate(java.lang.String,java.lang.String,java.lang.String,java.lang.String)[pri:0, instance:com.test.SanPham.testCapNhatLoaiSP@5d0bf09b]" started-at="2022-04-12T18:49:02 ICT" name="TestUpdate" data-provider="db" finished-at="2022-04-12T18:49:02 ICT" duration-ms="40" status="PASS">
          <params>
            <param index="0">
              <value>
                <![CDATA[7]]>
              </value>
            </param>
            <param index="1">
              <value>
                <![CDATA[Dây Chuyền]]>
              </value>
            </param>
            <param index="2">
              <value>
                <![CDATA[]]>
              </value>
            </param>
            <param index="3">
              <value>
                <![CDATA[Dây Chuyền]]>
              </value>
            </param>
          </params>
          <reporter-output>
          </reporter-output>
        </test-method> <!-- TestUpdate -->
        <test-method signature="TestUpdate(java.lang.String,java.lang.String,java.lang.String,java.lang.String)[pri:0, instance:com.test.SanPham.testCapNhatLoaiSP@5d0bf09b]" started-at="2022-04-12T18:49:02 ICT" name="TestUpdate" data-provider="db" finished-at="2022-04-12T18:49:02 ICT" duration-ms="43" status="PASS">
          <params>
            <param index="0">
              <value>
                <![CDATA[8]]>
              </value>
            </param>
            <param index="1">
              <value>
                <![CDATA[Nhẫn]]>
              </value>
            </param>
            <param index="2">
              <value>
                <![CDATA[EldenRing]]>
              </value>
            </param>
            <param index="3">
              <value>
                <![CDATA[Nhẫn]]>
              </value>
            </param>
          </params>
          <reporter-output>
          </reporter-output>
        </test-method> <!-- TestUpdate -->
        <test-method signature="TestUpdate(java.lang.String,java.lang.String,java.lang.String,java.lang.String)[pri:0, instance:com.test.SanPham.testCapNhatLoaiSP@5d0bf09b]" started-at="2022-04-12T18:49:02 ICT" name="TestUpdate" data-provider="db" finished-at="2022-04-12T18:49:02 ICT" duration-ms="32" status="PASS">
          <params>
            <param index="0">
              <value>
                <![CDATA[9]]>
              </value>
            </param>
            <param index="1">
              <value>
                <![CDATA[Áo thể thao]]>
              </value>
            </param>
            <param index="2">
              <value>
                <![CDATA[]]>
              </value>
            </param>
            <param index="3">
              <value>
                <![CDATA[Áo thể thao]]>
              </value>
            </param>
          </params>
          <reporter-output>
          </reporter-output>
        </test-method> <!-- TestUpdate -->
        <test-method signature="TestUpdate(java.lang.String,java.lang.String,java.lang.String,java.lang.String)[pri:0, instance:com.test.SanPham.testCapNhatLoaiSP@5d0bf09b]" started-at="2022-04-12T18:49:02 ICT" name="TestUpdate" data-provider="db" finished-at="2022-04-12T18:49:02 ICT" duration-ms="45" status="PASS">
          <params>
            <param index="0">
              <value>
                <![CDATA[100]]>
              </value>
            </param>
            <param index="1">
              <value>
                <![CDATA[Quần jean]]>
              </value>
            </param>
            <param index="2">
              <value>
                <![CDATA[]]>
              </value>
            </param>
            <param index="3">
              <value>
                <![CDATA[]]>
              </value>
            </param>
          </params>
          <reporter-output>
          </reporter-output>
        </test-method> <!-- TestUpdate -->
        <test-method signature="TestUpdate(java.lang.String,java.lang.String,java.lang.String,java.lang.String)[pri:0, instance:com.test.SanPham.testCapNhatLoaiSP@5d0bf09b]" started-at="2022-04-12T18:49:02 ICT" name="TestUpdate" data-provider="db" finished-at="2022-04-12T18:49:02 ICT" duration-ms="39" status="PASS">
          <params>
            <param index="0">
              <value>
                <![CDATA[0pds]]>
              </value>
            </param>
            <param index="1">
              <value>
                <![CDATA[Quần jean]]>
              </value>
            </param>
            <param index="2">
              <value>
                <![CDATA[]]>
              </value>
            </param>
            <param index="3">
              <value>
                <![CDATA[]]>
              </value>
            </param>
          </params>
          <reporter-output>
          </reporter-output>
        </test-method> <!-- TestUpdate -->
      </class> <!-- com.test.SanPham.testCapNhatLoaiSP -->
      <class name="com.test.SanPham.testTimKiemSP">
        <test-method is-config="true" signature="initialize()[pri:0, instance:com.test.SanPham.testTimKiemSP@2af004b]" started-at="2022-04-12T18:49:02 ICT" name="initialize" finished-at="2022-04-12T18:49:02 ICT" duration-ms="0" status="PASS">
          <reporter-output>
          </reporter-output>
        </test-method> <!-- initialize -->
        <test-method signature="TestSelectAll()[pri:0, instance:com.test.SanPham.testTimKiemSP@2af004b]" started-at="2022-04-12T18:49:02 ICT" name="TestSelectAll" finished-at="2022-04-12T18:49:02 ICT" duration-ms="24" status="PASS">
          <reporter-output>
          </reporter-output>
        </test-method> <!-- TestSelectAll -->
        <test-method signature="TestTimKiem(java.lang.String,java.lang.String)[pri:0, instance:com.test.SanPham.testTimKiemSP@2af004b]" started-at="2022-04-12T18:49:02 ICT" name="TestTimKiem" data-provider="db" finished-at="2022-04-12T18:49:02 ICT" duration-ms="29" status="PASS">
          <params>
            <param index="0">
              <value>
                <![CDATA[1]]>
              </value>
            </param>
            <param index="1">
              <value>
                <![CDATA[1]]>
              </value>
            </param>
          </params>
          <reporter-output>
          </reporter-output>
        </test-method> <!-- TestTimKiem -->
        <test-method signature="TestTimKiem(java.lang.String,java.lang.String)[pri:0, instance:com.test.SanPham.testTimKiemSP@2af004b]" started-at="2022-04-12T18:49:02 ICT" name="TestTimKiem" data-provider="db" finished-at="2022-04-12T18:49:02 ICT" duration-ms="40" status="PASS">
          <params>
            <param index="0">
              <value>
                <![CDATA[2]]>
              </value>
            </param>
            <param index="1">
              <value>
                <![CDATA[2]]>
              </value>
            </param>
          </params>
          <reporter-output>
          </reporter-output>
        </test-method> <!-- TestTimKiem -->
        <test-method signature="TestTimKiem(java.lang.String,java.lang.String)[pri:0, instance:com.test.SanPham.testTimKiemSP@2af004b]" started-at="2022-04-12T18:49:02 ICT" name="TestTimKiem" data-provider="db" finished-at="2022-04-12T18:49:02 ICT" duration-ms="27" status="PASS">
          <params>
            <param index="0">
              <value>
                <![CDATA[3]]>
              </value>
            </param>
            <param index="1">
              <value>
                <![CDATA[3]]>
              </value>
            </param>
          </params>
          <reporter-output>
          </reporter-output>
        </test-method> <!-- TestTimKiem -->
        <test-method signature="TestTimKiem(java.lang.String,java.lang.String)[pri:0, instance:com.test.SanPham.testTimKiemSP@2af004b]" started-at="2022-04-12T18:49:02 ICT" name="TestTimKiem" data-provider="db" finished-at="2022-04-12T18:49:02 ICT" duration-ms="30" status="PASS">
          <params>
            <param index="0">
              <value>
                <![CDATA[100]]>
              </value>
            </param>
            <param index="1">
              <value>
                <![CDATA[]]>
              </value>
            </param>
          </params>
          <reporter-output>
          </reporter-output>
        </test-method> <!-- TestTimKiem -->
        <test-method signature="TestTimKiem(java.lang.String,java.lang.String)[pri:0, instance:com.test.SanPham.testTimKiemSP@2af004b]" started-at="2022-04-12T18:49:02 ICT" name="TestTimKiem" data-provider="db" finished-at="2022-04-12T18:49:02 ICT" duration-ms="30" status="PASS">
          <params>
            <param index="0">
              <value>
                <![CDATA[1000]]>
              </value>
            </param>
            <param index="1">
              <value>
                <![CDATA[]]>
              </value>
            </param>
          </params>
          <reporter-output>
          </reporter-output>
        </test-method> <!-- TestTimKiem -->
        <test-method signature="testSPDangKinhDoanh()[pri:0, instance:com.test.SanPham.testTimKiemSP@2af004b]" started-at="2022-04-12T18:49:02 ICT" name="testSPDangKinhDoanh" finished-at="2022-04-12T18:49:02 ICT" duration-ms="29" status="PASS">
          <reporter-output>
          </reporter-output>
        </test-method> <!-- testSPDangKinhDoanh -->
        <test-method signature="TestTimKiemSPKey(java.lang.String,int)[pri:1, instance:com.test.SanPham.testTimKiemSP@2af004b]" started-at="2022-04-12T18:49:02 ICT" name="TestTimKiemSPKey" data-provider="db2" finished-at="2022-04-12T18:49:02 ICT" duration-ms="26" status="PASS">
          <params>
            <param index="0">
              <value>
                <![CDATA[1]]>
              </value>
            </param>
            <param index="1">
              <value>
                <![CDATA[1]]>
              </value>
            </param>
          </params>
          <reporter-output>
          </reporter-output>
        </test-method> <!-- TestTimKiemSPKey -->
        <test-method signature="TestTimKiemSPKey(java.lang.String,int)[pri:1, instance:com.test.SanPham.testTimKiemSP@2af004b]" started-at="2022-04-12T18:49:02 ICT" name="TestTimKiemSPKey" data-provider="db2" finished-at="2022-04-12T18:49:02 ICT" duration-ms="21" status="PASS">
          <params>
            <param index="0">
              <value>
                <![CDATA[2]]>
              </value>
            </param>
            <param index="1">
              <value>
                <![CDATA[1]]>
              </value>
            </param>
          </params>
          <reporter-output>
          </reporter-output>
        </test-method> <!-- TestTimKiemSPKey -->
        <test-method signature="TestTimKiemSPKey(java.lang.String,int)[pri:1, instance:com.test.SanPham.testTimKiemSP@2af004b]" started-at="2022-04-12T18:49:02 ICT" name="TestTimKiemSPKey" data-provider="db2" finished-at="2022-04-12T18:49:02 ICT" duration-ms="20" status="PASS">
          <params>
            <param index="0">
              <value>
                <![CDATA[3]]>
              </value>
            </param>
            <param index="1">
              <value>
                <![CDATA[1]]>
              </value>
            </param>
          </params>
          <reporter-output>
          </reporter-output>
        </test-method> <!-- TestTimKiemSPKey -->
        <test-method signature="TestTimKiemSPKey(java.lang.String,int)[pri:1, instance:com.test.SanPham.testTimKiemSP@2af004b]" started-at="2022-04-12T18:49:02 ICT" name="TestTimKiemSPKey" data-provider="db2" finished-at="2022-04-12T18:49:02 ICT" duration-ms="21" status="PASS">
          <params>
            <param index="0">
              <value>
                <![CDATA[100]]>
              </value>
            </param>
            <param index="1">
              <value>
                <![CDATA[0]]>
              </value>
            </param>
          </params>
          <reporter-output>
          </reporter-output>
        </test-method> <!-- TestTimKiemSPKey -->
        <test-method signature="TestTimKiemSPKey(java.lang.String,int)[pri:1, instance:com.test.SanPham.testTimKiemSP@2af004b]" started-at="2022-04-12T18:49:02 ICT" name="TestTimKiemSPKey" data-provider="db2" finished-at="2022-04-12T18:49:02 ICT" duration-ms="37" status="PASS">
          <params>
            <param index="0">
              <value>
                <![CDATA[1000]]>
              </value>
            </param>
            <param index="1">
              <value>
                <![CDATA[0]]>
              </value>
            </param>
          </params>
          <reporter-output>
          </reporter-output>
        </test-method> <!-- TestTimKiemSPKey -->
        <test-method signature="TestTimKiemSPKey(java.lang.String,int)[pri:1, instance:com.test.SanPham.testTimKiemSP@2af004b]" started-at="2022-04-12T18:49:02 ICT" name="TestTimKiemSPKey" data-provider="db2" finished-at="2022-04-12T18:49:02 ICT" duration-ms="19" status="PASS">
          <params>
            <param index="0">
              <value>
                <![CDATA[Giày]]>
              </value>
            </param>
            <param index="1">
              <value>
                <![CDATA[1]]>
              </value>
            </param>
          </params>
          <reporter-output>
          </reporter-output>
        </test-method> <!-- TestTimKiemSPKey -->
        <test-method signature="TestTimKiemSPKey(java.lang.String,int)[pri:1, instance:com.test.SanPham.testTimKiemSP@2af004b]" started-at="2022-04-12T18:49:02 ICT" name="TestTimKiemSPKey" data-provider="db2" finished-at="2022-04-12T18:49:02 ICT" duration-ms="19" status="PASS">
          <params>
            <param index="0">
              <value>
                <![CDATA[Găng tay]]>
              </value>
            </param>
            <param index="1">
              <value>
                <![CDATA[2]]>
              </value>
            </param>
          </params>
          <reporter-output>
          </reporter-output>
        </test-method> <!-- TestTimKiemSPKey -->
        <test-method signature="TestTimKiemSPKey(java.lang.String,int)[pri:1, instance:com.test.SanPham.testTimKiemSP@2af004b]" started-at="2022-04-12T18:49:02 ICT" name="TestTimKiemSPKey" data-provider="db2" finished-at="2022-04-12T18:49:02 ICT" duration-ms="19" status="PASS">
          <params>
            <param index="0">
              <value>
                <![CDATA[Khủng Long bạo chúa]]>
              </value>
            </param>
            <param index="1">
              <value>
                <![CDATA[0]]>
              </value>
            </param>
          </params>
          <reporter-output>
          </reporter-output>
        </test-method> <!-- TestTimKiemSPKey -->
      </class> <!-- com.test.SanPham.testTimKiemSP -->
      <class name="com.test.SanPham.testThemLoaiSP">
        <test-method is-config="true" signature="initialize()[pri:0, instance:com.test.SanPham.testThemLoaiSP@248e319b]" started-at="2022-04-12T18:49:02 ICT" name="initialize" finished-at="2022-04-12T18:49:02 ICT" duration-ms="1" status="PASS">
          <reporter-output>
          </reporter-output>
        </test-method> <!-- initialize -->
        <test-method signature="TestInsert(java.lang.String,java.lang.String,java.lang.String,java.lang.String)[pri:0, instance:com.test.SanPham.testThemLoaiSP@248e319b]" started-at="2022-04-12T18:49:02 ICT" name="TestInsert" data-provider="db" finished-at="2022-04-12T18:49:02 ICT" duration-ms="39" status="PASS">
          <params>
            <param index="0">
              <value>
                <![CDATA[6]]>
              </value>
            </param>
            <param index="1">
              <value>
                <![CDATA[Dây chuyền]]>
              </value>
            </param>
            <param index="2">
              <value>
                <![CDATA[]]>
              </value>
            </param>
            <param index="3">
              <value>
                <![CDATA[Dây chuyền]]>
              </value>
            </param>
          </params>
          <reporter-output>
          </reporter-output>
        </test-method> <!-- TestInsert -->
        <test-method signature="TestInsert(java.lang.String,java.lang.String,java.lang.String,java.lang.String)[pri:0, instance:com.test.SanPham.testThemLoaiSP@248e319b]" started-at="2022-04-12T18:49:02 ICT" name="TestInsert" data-provider="db" finished-at="2022-04-12T18:49:02 ICT" duration-ms="32" status="PASS">
          <params>
            <param index="0">
              <value>
                <![CDATA[7]]>
              </value>
            </param>
            <param index="1">
              <value>
                <![CDATA[Nhẫn]]>
              </value>
            </param>
            <param index="2">
              <value>
                <![CDATA[]]>
              </value>
            </param>
            <param index="3">
              <value>
                <![CDATA[Nhẫn]]>
              </value>
            </param>
          </params>
          <reporter-output>
          </reporter-output>
        </test-method> <!-- TestInsert -->
        <test-method signature="TestInsert(java.lang.String,java.lang.String,java.lang.String,java.lang.String)[pri:0, instance:com.test.SanPham.testThemLoaiSP@248e319b]" started-at="2022-04-12T18:49:02 ICT" name="TestInsert" data-provider="db" finished-at="2022-04-12T18:49:02 ICT" duration-ms="34" status="PASS">
          <params>
            <param index="0">
              <value>
                <![CDATA[8]]>
              </value>
            </param>
            <param index="1">
              <value>
                <![CDATA[Bông tai]]>
              </value>
            </param>
            <param index="2">
              <value>
                <![CDATA[]]>
              </value>
            </param>
            <param index="3">
              <value>
                <![CDATA[Bông tai]]>
              </value>
            </param>
          </params>
          <reporter-output>
          </reporter-output>
        </test-method> <!-- TestInsert -->
        <test-method signature="TestInsert(java.lang.String,java.lang.String,java.lang.String,java.lang.String)[pri:0, instance:com.test.SanPham.testThemLoaiSP@248e319b]" started-at="2022-04-12T18:49:02 ICT" name="TestInsert" data-provider="db" finished-at="2022-04-12T18:49:02 ICT" duration-ms="31" status="PASS">
          <params>
            <param index="0">
              <value>
                <![CDATA[9]]>
              </value>
            </param>
            <param index="1">
              <value>
                <![CDATA[Quần đùi]]>
              </value>
            </param>
            <param index="2">
              <value>
                <![CDATA[]]>
              </value>
            </param>
            <param index="3">
              <value>
                <![CDATA[Quần đùi]]>
              </value>
            </param>
          </params>
          <reporter-output>
          </reporter-output>
        </test-method> <!-- TestInsert -->
        <test-method signature="TestInsert(java.lang.String,java.lang.String,java.lang.String,java.lang.String)[pri:0, instance:com.test.SanPham.testThemLoaiSP@248e319b]" started-at="2022-04-12T18:49:02 ICT" name="TestInsert" data-provider="db" finished-at="2022-04-12T18:49:02 ICT" duration-ms="53" status="PASS">
          <params>
            <param index="0">
              <value>
                <![CDATA[6]]>
              </value>
            </param>
            <param index="1">
              <value>
                <![CDATA[Quần jean]]>
              </value>
            </param>
            <param index="2">
              <value>
                <![CDATA[]]>
              </value>
            </param>
            <param index="3">
              <value>
                <![CDATA[Dây chuyền]]>
              </value>
            </param>
          </params>
          <reporter-output>
          </reporter-output>
        </test-method> <!-- TestInsert -->
        <test-method signature="TestInsert(java.lang.String,java.lang.String,java.lang.String,java.lang.String)[pri:0, instance:com.test.SanPham.testThemLoaiSP@248e319b]" started-at="2022-04-12T18:49:02 ICT" name="TestInsert" data-provider="db" finished-at="2022-04-12T18:49:02 ICT" duration-ms="32" status="PASS">
          <params>
            <param index="0">
              <value>
                <![CDATA[5]]>
              </value>
            </param>
            <param index="1">
              <value>
                <![CDATA[Quần jean]]>
              </value>
            </param>
            <param index="2">
              <value>
                <![CDATA[]]>
              </value>
            </param>
            <param index="3">
              <value>
                <![CDATA[Phụ Kiện]]>
              </value>
            </param>
          </params>
          <reporter-output>
          </reporter-output>
        </test-method> <!-- TestInsert -->
      </class> <!-- com.test.SanPham.testThemLoaiSP -->
      <class name="com.test.SanPham.testTimKiemLoaiSP">
        <test-method is-config="true" signature="initialize()[pri:0, instance:com.test.SanPham.testTimKiemLoaiSP@3e8c3cb]" started-at="2022-04-12T18:49:03 ICT" name="initialize" finished-at="2022-04-12T18:49:03 ICT" duration-ms="0" status="PASS">
          <reporter-output>
          </reporter-output>
        </test-method> <!-- initialize -->
        <test-method signature="TestFindById(java.lang.String,java.lang.String)[pri:0, instance:com.test.SanPham.testTimKiemLoaiSP@3e8c3cb]" started-at="2022-04-12T18:49:03 ICT" name="TestFindById" data-provider="db" finished-at="2022-04-12T18:49:03 ICT" duration-ms="37" status="PASS">
          <params>
            <param index="0">
              <value>
                <![CDATA[1]]>
              </value>
            </param>
            <param index="1">
              <value>
                <![CDATA[1]]>
              </value>
            </param>
          </params>
          <reporter-output>
          </reporter-output>
        </test-method> <!-- TestFindById -->
        <test-method signature="TestFindById(java.lang.String,java.lang.String)[pri:0, instance:com.test.SanPham.testTimKiemLoaiSP@3e8c3cb]" started-at="2022-04-12T18:49:03 ICT" name="TestFindById" data-provider="db" finished-at="2022-04-12T18:49:03 ICT" duration-ms="21" status="PASS">
          <params>
            <param index="0">
              <value>
                <![CDATA[2]]>
              </value>
            </param>
            <param index="1">
              <value>
                <![CDATA[2]]>
              </value>
            </param>
          </params>
          <reporter-output>
          </reporter-output>
        </test-method> <!-- TestFindById -->
        <test-method signature="TestFindById(java.lang.String,java.lang.String)[pri:0, instance:com.test.SanPham.testTimKiemLoaiSP@3e8c3cb]" started-at="2022-04-12T18:49:03 ICT" name="TestFindById" data-provider="db" finished-at="2022-04-12T18:49:03 ICT" duration-ms="19" status="PASS">
          <params>
            <param index="0">
              <value>
                <![CDATA[3]]>
              </value>
            </param>
            <param index="1">
              <value>
                <![CDATA[3]]>
              </value>
            </param>
          </params>
          <reporter-output>
          </reporter-output>
        </test-method> <!-- TestFindById -->
        <test-method signature="TestFindById(java.lang.String,java.lang.String)[pri:0, instance:com.test.SanPham.testTimKiemLoaiSP@3e8c3cb]" started-at="2022-04-12T18:49:03 ICT" name="TestFindById" data-provider="db" finished-at="2022-04-12T18:49:03 ICT" duration-ms="22" status="PASS">
          <params>
            <param index="0">
              <value>
                <![CDATA[4]]>
              </value>
            </param>
            <param index="1">
              <value>
                <![CDATA[4]]>
              </value>
            </param>
          </params>
          <reporter-output>
          </reporter-output>
        </test-method> <!-- TestFindById -->
        <test-method signature="TestFindById(java.lang.String,java.lang.String)[pri:0, instance:com.test.SanPham.testTimKiemLoaiSP@3e8c3cb]" started-at="2022-04-12T18:49:03 ICT" name="TestFindById" data-provider="db" finished-at="2022-04-12T18:49:03 ICT" duration-ms="21" status="PASS">
          <params>
            <param index="0">
              <value>
                <![CDATA[5]]>
              </value>
            </param>
            <param index="1">
              <value>
                <![CDATA[5]]>
              </value>
            </param>
          </params>
          <reporter-output>
          </reporter-output>
        </test-method> <!-- TestFindById -->
        <test-method signature="TestFindById(java.lang.String,java.lang.String)[pri:0, instance:com.test.SanPham.testTimKiemLoaiSP@3e8c3cb]" started-at="2022-04-12T18:49:03 ICT" name="TestFindById" data-provider="db" finished-at="2022-04-12T18:49:03 ICT" duration-ms="20" status="PASS">
          <params>
            <param index="0">
              <value>
                <![CDATA[10]]>
              </value>
            </param>
            <param index="1">
              <value>
                <![CDATA[]]>
              </value>
            </param>
          </params>
          <reporter-output>
          </reporter-output>
        </test-method> <!-- TestFindById -->
        <test-method signature="TestFindByKeyword(java.lang.String,int)[pri:0, instance:com.test.SanPham.testTimKiemLoaiSP@3e8c3cb]" started-at="2022-04-12T18:49:03 ICT" name="TestFindByKeyword" data-provider="db2" finished-at="2022-04-12T18:49:03 ICT" duration-ms="34" status="PASS">
          <params>
            <param index="0">
              <value>
                <![CDATA[1]]>
              </value>
            </param>
            <param index="1">
              <value>
                <![CDATA[1]]>
              </value>
            </param>
          </params>
          <reporter-output>
          </reporter-output>
        </test-method> <!-- TestFindByKeyword -->
        <test-method signature="TestFindByKeyword(java.lang.String,int)[pri:0, instance:com.test.SanPham.testTimKiemLoaiSP@3e8c3cb]" started-at="2022-04-12T18:49:03 ICT" name="TestFindByKeyword" data-provider="db2" finished-at="2022-04-12T18:49:03 ICT" duration-ms="27" status="PASS">
          <params>
            <param index="0">
              <value>
                <![CDATA[2]]>
              </value>
            </param>
            <param index="1">
              <value>
                <![CDATA[1]]>
              </value>
            </param>
          </params>
          <reporter-output>
          </reporter-output>
        </test-method> <!-- TestFindByKeyword -->
        <test-method signature="TestFindByKeyword(java.lang.String,int)[pri:0, instance:com.test.SanPham.testTimKiemLoaiSP@3e8c3cb]" started-at="2022-04-12T18:49:03 ICT" name="TestFindByKeyword" data-provider="db2" finished-at="2022-04-12T18:49:03 ICT" duration-ms="26" status="PASS">
          <params>
            <param index="0">
              <value>
                <![CDATA[3]]>
              </value>
            </param>
            <param index="1">
              <value>
                <![CDATA[1]]>
              </value>
            </param>
          </params>
          <reporter-output>
          </reporter-output>
        </test-method> <!-- TestFindByKeyword -->
        <test-method signature="TestFindByKeyword(java.lang.String,int)[pri:0, instance:com.test.SanPham.testTimKiemLoaiSP@3e8c3cb]" started-at="2022-04-12T18:49:03 ICT" name="TestFindByKeyword" data-provider="db2" finished-at="2022-04-12T18:49:03 ICT" duration-ms="39" status="PASS">
          <params>
            <param index="0">
              <value>
                <![CDATA[Phụ]]>
              </value>
            </param>
            <param index="1">
              <value>
                <![CDATA[1]]>
              </value>
            </param>
          </params>
          <reporter-output>
          </reporter-output>
        </test-method> <!-- TestFindByKeyword -->
        <test-method signature="TestFindByKeyword(java.lang.String,int)[pri:0, instance:com.test.SanPham.testTimKiemLoaiSP@3e8c3cb]" started-at="2022-04-12T18:49:03 ICT" name="TestFindByKeyword" data-provider="db2" finished-at="2022-04-12T18:49:03 ICT" duration-ms="18" status="PASS">
          <params>
            <param index="0">
              <value>
                <![CDATA[ụ]]>
              </value>
            </param>
            <param index="1">
              <value>
                <![CDATA[2]]>
              </value>
            </param>
          </params>
          <reporter-output>
          </reporter-output>
        </test-method> <!-- TestFindByKeyword -->
        <test-method signature="TestFindByKeyword(java.lang.String,int)[pri:0, instance:com.test.SanPham.testTimKiemLoaiSP@3e8c3cb]" started-at="2022-04-12T18:49:03 ICT" name="TestFindByKeyword" data-provider="db2" finished-at="2022-04-12T18:49:03 ICT" duration-ms="16" status="PASS">
          <params>
            <param index="0">
              <value>
                <![CDATA[Lamboghini]]>
              </value>
            </param>
            <param index="1">
              <value>
                <![CDATA[0]]>
              </value>
            </param>
          </params>
          <reporter-output>
          </reporter-output>
        </test-method> <!-- TestFindByKeyword -->
        <test-method signature="TestSelectAll()[pri:0, instance:com.test.SanPham.testTimKiemLoaiSP@3e8c3cb]" started-at="2022-04-12T18:49:03 ICT" name="TestSelectAll" finished-at="2022-04-12T18:49:03 ICT" duration-ms="15" status="PASS">
          <reporter-output>
          </reporter-output>
        </test-method> <!-- TestSelectAll -->
        <test-method signature="TestSelectByLoaiInSanPham(java.lang.String,int)[pri:0, instance:com.test.SanPham.testTimKiemLoaiSP@3e8c3cb]" started-at="2022-04-12T18:49:03 ICT" name="TestSelectByLoaiInSanPham" data-provider="db3" finished-at="2022-04-12T18:49:03 ICT" duration-ms="17" status="PASS">
          <params>
            <param index="0">
              <value>
                <![CDATA[1]]>
              </value>
            </param>
            <param index="1">
              <value>
                <![CDATA[1]]>
              </value>
            </param>
          </params>
          <reporter-output>
          </reporter-output>
        </test-method> <!-- TestSelectByLoaiInSanPham -->
        <test-method signature="TestSelectByLoaiInSanPham(java.lang.String,int)[pri:0, instance:com.test.SanPham.testTimKiemLoaiSP@3e8c3cb]" started-at="2022-04-12T18:49:03 ICT" name="TestSelectByLoaiInSanPham" data-provider="db3" finished-at="2022-04-12T18:49:03 ICT" duration-ms="20" status="PASS">
          <params>
            <param index="0">
              <value>
                <![CDATA[2]]>
              </value>
            </param>
            <param index="1">
              <value>
                <![CDATA[1]]>
              </value>
            </param>
          </params>
          <reporter-output>
          </reporter-output>
        </test-method> <!-- TestSelectByLoaiInSanPham -->
        <test-method signature="TestSelectByLoaiInSanPham(java.lang.String,int)[pri:0, instance:com.test.SanPham.testTimKiemLoaiSP@3e8c3cb]" started-at="2022-04-12T18:49:03 ICT" name="TestSelectByLoaiInSanPham" data-provider="db3" finished-at="2022-04-12T18:49:03 ICT" duration-ms="15" status="PASS">
          <params>
            <param index="0">
              <value>
                <![CDATA[4]]>
              </value>
            </param>
            <param index="1">
              <value>
                <![CDATA[1]]>
              </value>
            </param>
          </params>
          <reporter-output>
          </reporter-output>
        </test-method> <!-- TestSelectByLoaiInSanPham -->
        <test-method signature="TestSelectByLoaiInSanPham(java.lang.String,int)[pri:0, instance:com.test.SanPham.testTimKiemLoaiSP@3e8c3cb]" started-at="2022-04-12T18:49:03 ICT" name="TestSelectByLoaiInSanPham" data-provider="db3" finished-at="2022-04-12T18:49:03 ICT" duration-ms="20" status="PASS">
          <params>
            <param index="0">
              <value>
                <![CDATA[5]]>
              </value>
            </param>
            <param index="1">
              <value>
                <![CDATA[1]]>
              </value>
            </param>
          </params>
          <reporter-output>
          </reporter-output>
        </test-method> <!-- TestSelectByLoaiInSanPham -->
        <test-method signature="TestSelectByLoaiInSanPham(java.lang.String,int)[pri:0, instance:com.test.SanPham.testTimKiemLoaiSP@3e8c3cb]" started-at="2022-04-12T18:49:03 ICT" name="TestSelectByLoaiInSanPham" data-provider="db3" finished-at="2022-04-12T18:49:03 ICT" duration-ms="15" status="PASS">
          <params>
            <param index="0">
              <value>
                <![CDATA[3]]>
              </value>
            </param>
            <param index="1">
              <value>
                <![CDATA[0]]>
              </value>
            </param>
          </params>
          <reporter-output>
          </reporter-output>
        </test-method> <!-- TestSelectByLoaiInSanPham -->
      </class> <!-- com.test.SanPham.testTimKiemLoaiSP -->
    </test> <!-- testSP -->
  </suite> <!-- testSP -->
</testng-results>
